<?xml version="1.0" encoding="UTF-8"?>
<!-- Generated by org.testng.reporters.JUnitReportReporter -->
<testsuite hostname="DESKTOP-539JNK2" failures="0" tests="2" name="Amozon.NewTest" time="15.184" errors="0" timestamp="2022-10-08T21:59:23 IST" skipped="0">
  <testcase classname="Amozon.NewTest" name="LoginWithAmazonAccont" time="13.143"/>
  <system-out/>
  <testcase classname="Amozon.NewTest" name="Register_with_NewCustomer" time="2.041"/>
  <system-out/>
</testsuite> <!-- Amozon.NewTest -->
