<?xml version="1.0" encoding="UTF-8"?>
<!-- Generated by org.testng.reporters.JUnitReportReporter -->
<testsuite hostname="DESKTOP-539JNK2" failures="0" tests="1" name="Web_Automated" time="6.112" errors="0" timestamp="2022-10-06T21:35:34 IST" skipped="0">
  <testcase classname="Web_Automated" name="login" time="6.112"/>
  <system-out/>
</testsuite> <!-- Web_Automated -->
