<?xml version="1.0" encoding="UTF-8"?>
<!-- Generated by org.testng.reporters.JUnitReportReporter -->
<testsuite hostname="DESKTOP-539JNK2" failures="0" tests="2" name="Testng.All_Annotation" time="0.012" errors="0" timestamp="2022-10-12T11:58:44 IST" skipped="0">
  <testcase classname="Testng.All_Annotation" name="Test2" time="0.004"/>
  <system-out/>
  <testcase classname="Testng.All_Annotation" name="Test1" time="0.008"/>
  <system-out/>
</testsuite> <!-- Testng.All_Annotation -->
