<?xml version="1.0" encoding="UTF-8"?>
<!-- Generated by org.testng.reporters.JUnitReportReporter -->
<testsuite hostname="DESKTOP-539JNK2" failures="0" tests="3" name="Testng.Assertion" time="11.436" errors="0" timestamp="2022-10-12T12:47:28 IST" skipped="0">
  <testcase classname="Testng.Assertion" name="Facebook" time="3.094"/>
  <system-out/>
  <testcase classname="Testng.Assertion" name="Login" time="3.244"/>
  <system-out/>
  <testcase classname="Testng.Assertion" name="Launch" time="5.098"/>
  <system-out/>
</testsuite> <!-- Testng.Assertion -->
